<?xml version="1.0" encoding="UTF-8"?>
<testsuite name="kamil.chess1vs1.ChessBoardTest" tests="95" skipped="0" failures="0" errors="0" timestamp="2024-05-09T10:55:54" hostname="KAMIL" time="0.474">
  <properties/>
  <testcase name="kingCorrectMove()" classname="kamil.chess1vs1.ChessBoardTest" time="0.028"/>
  <testcase name="castlingWhiteRightBlocked()" classname="kamil.chess1vs1.ChessBoardTest" time="0.002"/>
  <testcase name="knightCorrectMoveNorthRightAndClean()" classname="kamil.chess1vs1.ChessBoardTest" time="0.002"/>
  <testcase name="wrongCoordsToPromoteWhiteAndNotDelete()" classname="kamil.chess1vs1.ChessBoardTest" time="0.003"/>
  <testcase name="cantKnightAttackSameColor()" classname="kamil.chess1vs1.ChessBoardTest" time="0.003"/>
  <testcase name="bishopInvalidMove2()" classname="kamil.chess1vs1.ChessBoardTest" time="0.002"/>
  <testcase name="rookIncorrectMoveCanceled()" classname="kamil.chess1vs1.ChessBoardTest" time="0.003"/>
  <testcase name="movedQueenIncorrectMove()" classname="kamil.chess1vs1.ChessBoardTest" time="0.003"/>
  <testcase name="whenAttackIsSecondReplaced()" classname="kamil.chess1vs1.ChessBoardTest" time="0.025"/>
  <testcase name="addQueen()" classname="kamil.chess1vs1.ChessBoardTest" time="0.003"/>
  <testcase name="rookAttackAndCleared2()" classname="kamil.chess1vs1.ChessBoardTest" time="0.003"/>
  <testcase name="movedQueenAnClean2()" classname="kamil.chess1vs1.ChessBoardTest" time="0.002"/>
  <testcase name="movedQueenAnClean3()" classname="kamil.chess1vs1.ChessBoardTest" time="0.002"/>
  <testcase name="movedQueenAnClean4()" classname="kamil.chess1vs1.ChessBoardTest" time="0.001"/>
  <testcase name="movedQueenAnClean5()" classname="kamil.chess1vs1.ChessBoardTest" time="0.004"/>
  <testcase name="movedQueenAnClean6()" classname="kamil.chess1vs1.ChessBoardTest" time="0.003"/>
  <testcase name="movedQueenAnClean7()" classname="kamil.chess1vs1.ChessBoardTest" time="0.002"/>
  <testcase name="movedQueenAnClean8()" classname="kamil.chess1vs1.ChessBoardTest" time="0.001"/>
  <testcase name="queenCantAttackSameColor2()" classname="kamil.chess1vs1.ChessBoardTest" time="0.002"/>
  <testcase name="castlingWhiteLeftBlocked()" classname="kamil.chess1vs1.ChessBoardTest" time="0.002"/>
  <testcase name="canKingAttackOtherPieceAndLeftField()" classname="kamil.chess1vs1.ChessBoardTest" time="0.003"/>
  <testcase name="kingCorrectMove2()" classname="kamil.chess1vs1.ChessBoardTest" time="0.001"/>
  <testcase name="kingCorrectMove3()" classname="kamil.chess1vs1.ChessBoardTest" time="0.002"/>
  <testcase name="kingCorrectMove4()" classname="kamil.chess1vs1.ChessBoardTest" time="0.002"/>
  <testcase name="bishopInvalidAttack()" classname="kamil.chess1vs1.ChessBoardTest" time="0.003"/>
  <testcase name="cantKingAttackSameColor()" classname="kamil.chess1vs1.ChessBoardTest" time="0.002"/>
  <testcase name="correctCoordsToPromoteBlackAndDelete()" classname="kamil.chess1vs1.ChessBoardTest" time="0.002"/>
  <testcase name="canBeginMoveBlackPawnForwardPlus2()" classname="kamil.chess1vs1.ChessBoardTest" time="0.002"/>
  <testcase name="canBeginMoveWhitePawnForwardPlus2()" classname="kamil.chess1vs1.ChessBoardTest" time="0.002"/>
  <testcase name="bishopCantAttack2()" classname="kamil.chess1vs1.ChessBoardTest" time="0.002"/>
  <testcase name="whenAttackOtherPieceIfColorIsCorrect()" classname="kamil.chess1vs1.ChessBoardTest" time="0.003"/>
  <testcase name="queenBlockedMove()" classname="kamil.chess1vs1.ChessBoardTest" time="0.004"/>
  <testcase name="castlingBlackLeftBlocked()" classname="kamil.chess1vs1.ChessBoardTest" time="0.003"/>
  <testcase name="canClearAField()" classname="kamil.chess1vs1.ChessBoardTest" time="0.003"/>
  <testcase name="knightCorrectMove2()" classname="kamil.chess1vs1.ChessBoardTest" time="0.005"/>
  <testcase name="knightCorrectMove3()" classname="kamil.chess1vs1.ChessBoardTest" time="0.002"/>
  <testcase name="bishopCorrectAttack()" classname="kamil.chess1vs1.ChessBoardTest" time="0.003"/>
  <testcase name="queenBlockedAttack()" classname="kamil.chess1vs1.ChessBoardTest" time="0.002"/>
  <testcase name="cantKingAttackIfWrongCoords()" classname="kamil.chess1vs1.ChessBoardTest" time="0.003"/>
  <testcase name="rooktCorrectMoveAndClean()" classname="kamil.chess1vs1.ChessBoardTest" time="0.002"/>
  <testcase name="kingIncorrectMoveDontMove()" classname="kamil.chess1vs1.ChessBoardTest" time="0.001"/>
  <testcase name="canAttackOtherPiece()" classname="kamil.chess1vs1.ChessBoardTest" time="0.002"/>
  <testcase name="bishopCantMove()" classname="kamil.chess1vs1.ChessBoardTest" time="0.002"/>
  <testcase name="correctCoordsToPromoteWhiteAndDelete()" classname="kamil.chess1vs1.ChessBoardTest" time="0.002"/>
  <testcase name="movedQueenAnClean()" classname="kamil.chess1vs1.ChessBoardTest" time="0.003"/>
  <testcase name="castlingBlackLeftWrongColor()" classname="kamil.chess1vs1.ChessBoardTest" time="0.001"/>
  <testcase name="castlingBlackRight()" classname="kamil.chess1vs1.ChessBoardTest" time="0.001"/>
  <testcase name="queenCorrectAttack()" classname="kamil.chess1vs1.ChessBoardTest" time="0.003"/>
  <testcase name="bishopCanMoveAndClean()" classname="kamil.chess1vs1.ChessBoardTest" time="0.003"/>
  <testcase name="rookWayIsNotFree2()" classname="kamil.chess1vs1.ChessBoardTest" time="0.003"/>
  <testcase name="rooktCorrectMoveAndClean2()" classname="kamil.chess1vs1.ChessBoardTest" time="0.004"/>
  <testcase name="rooktCorrectMoveAndClean3()" classname="kamil.chess1vs1.ChessBoardTest" time="0.004"/>
  <testcase name="rooktCorrectMoveAndClean4()" classname="kamil.chess1vs1.ChessBoardTest" time="0.004"/>
  <testcase name="rooktCorrectMoveAndClean5()" classname="kamil.chess1vs1.ChessBoardTest" time="0.003"/>
  <testcase name="rooktCorrectMoveAndClean6()" classname="kamil.chess1vs1.ChessBoardTest" time="0.004"/>
  <testcase name="rooktCorrectMoveAndClean7()" classname="kamil.chess1vs1.ChessBoardTest" time="0.002"/>
  <testcase name="rookAttackAndCleared()" classname="kamil.chess1vs1.ChessBoardTest" time="0.001"/>
  <testcase name="checkFields()" classname="kamil.chess1vs1.ChessBoardTest" time="0.003"/>
  <testcase name="rookCantJumpToAttack()" classname="kamil.chess1vs1.ChessBoardTest" time="0.003"/>
  <testcase name="canMoveWhitePawnForward()" classname="kamil.chess1vs1.ChessBoardTest" time="0.002"/>
  <testcase name="rookIncorrectMoveCanceled2()" classname="kamil.chess1vs1.ChessBoardTest" time="0.003"/>
  <testcase name="castlingBlackLeft()" classname="kamil.chess1vs1.ChessBoardTest" time="0.004"/>
  <testcase name="bishopCantAttack()" classname="kamil.chess1vs1.ChessBoardTest" time="0.002"/>
  <testcase name="castlingBlackRightBlocked()" classname="kamil.chess1vs1.ChessBoardTest" time="0.002"/>
  <testcase name="knightCorrectMoveAndClean()" classname="kamil.chess1vs1.ChessBoardTest" time="0.003"/>
  <testcase name="queenBlockedAttack2()" classname="kamil.chess1vs1.ChessBoardTest" time="0.001"/>
  <testcase name="wrongCoordsToPromoteBlackAndNotDelete()" classname="kamil.chess1vs1.ChessBoardTest" time="0.002"/>
  <testcase name="correctCoordsAndPromoteBlackToRook()" classname="kamil.chess1vs1.ChessBoardTest" time="0.001"/>
  <testcase name="rookCantAttackSameColor()" classname="kamil.chess1vs1.ChessBoardTest" time="0.005"/>
  <testcase name="queenCorrectAttack2()" classname="kamil.chess1vs1.ChessBoardTest" time="0.004"/>
  <testcase name="canMoveBlackPawnForward()" classname="kamil.chess1vs1.ChessBoardTest" time="0.002"/>
  <testcase name="queenIncorrectFieldAttack()" classname="kamil.chess1vs1.ChessBoardTest" time="0.001"/>
  <testcase name="rookWayIsNotFree()" classname="kamil.chess1vs1.ChessBoardTest" time="0.001"/>
  <testcase name="wrongCoordsToPromote1()" classname="kamil.chess1vs1.ChessBoardTest" time="0.002"/>
  <testcase name="wrongCoordsToPromote2()" classname="kamil.chess1vs1.ChessBoardTest" time="0.001"/>
  <testcase name="correctCoordsAndPromoteWhiteToQueen()" classname="kamil.chess1vs1.ChessBoardTest" time="0.003"/>
  <testcase name="queenCantAttackSameColor()" classname="kamil.chess1vs1.ChessBoardTest" time="0.001"/>
  <testcase name="canAddPawnAndKnight()" classname="kamil.chess1vs1.ChessBoardTest" time="0.002"/>
  <testcase name="cantAttackSamePieceColor()" classname="kamil.chess1vs1.ChessBoardTest" time="0.002"/>
  <testcase name="rookCantAttackSameColor2()" classname="kamil.chess1vs1.ChessBoardTest" time="0.002"/>
  <testcase name="bishopCanMoveAndClean2()" classname="kamil.chess1vs1.ChessBoardTest" time="0.001"/>
  <testcase name="bishopCanMoveAndClean3()" classname="kamil.chess1vs1.ChessBoardTest" time="0.004"/>
  <testcase name="bishopCanMoveAndClean4()" classname="kamil.chess1vs1.ChessBoardTest" time="0.002"/>
  <testcase name="bishopCantMove2()" classname="kamil.chess1vs1.ChessBoardTest" time="0.001"/>
  <testcase name="coloVSColor()" classname="kamil.chess1vs1.ChessBoardTest" time="0.001"/>
  <testcase name="canKnightAttackOtherPieceAndLeftField()" classname="kamil.chess1vs1.ChessBoardTest" time="0.001"/>
  <testcase name="knightBlackCorrectMove3()" classname="kamil.chess1vs1.ChessBoardTest" time="0.0"/>
  <testcase name="cantMoveBlackPawnForwardIfPlus1NotEmpty()" classname="kamil.chess1vs1.ChessBoardTest" time="0.001"/>
  <testcase name="bishopInvalidMove()" classname="kamil.chess1vs1.ChessBoardTest" time="0.001"/>
  <testcase name="correctCoordsToPromoteBlack()" classname="kamil.chess1vs1.ChessBoardTest" time="0.002"/>
  <testcase name="castlingWhiteRight()" classname="kamil.chess1vs1.ChessBoardTest" time="0.002"/>
  <testcase name="correctCoordsToPromoteWhite()" classname="kamil.chess1vs1.ChessBoardTest" time="0.001"/>
  <testcase name="bishopCorrectAttack2()" classname="kamil.chess1vs1.ChessBoardTest" time="0.002"/>
  <testcase name="bishopCorrectAttack3()" classname="kamil.chess1vs1.ChessBoardTest" time="0.001"/>
  <testcase name="castlingWhiteLeft()" classname="kamil.chess1vs1.ChessBoardTest" time="0.004"/>
  <system-out><![CDATA[]]></system-out>
  <system-err><![CDATA[]]></system-err>
</testsuite>
